<?xml version="1.0" encoding="UTF-8"?>
<!-- Generated by org.testng.reporters.JUnitReportReporter -->
<testsuite hostname="DESKTOP-DIG0ML3" failures="0" tests="2" name="Myfirstclass" time="13.316" errors="0" timestamp="2024-08-08T15:16:39 IST" skipped="0">
  <testcase classname="Myfirstclass" name="first" time="13.314"/>
  <system-out/>
  <testcase classname="Myfirstclass" name="login" time="0.002"/>
  <system-out/>
</testsuite> <!-- Myfirstclass -->
